The system is: Linux - 5.13.0-28-generic - x86_64
Compiling the C compiler identification source file "CMakeCCompilerId.c" succeeded.
Compiler: /usr/bin/cc 
Build flags: 
Id flags:  

The output was:
0


Compilation of the C compiler identification source "CMakeCCompilerId.c" produced "a.out"

The C compiler identification is Clang, found in "/home/michicosun/Desktop/img2ascii/contrib/build/CMakeFiles/3.16.3/CompilerIdC/a.out"

Compiling the CXX compiler identification source file "CMakeCXXCompilerId.cpp" succeeded.
Compiler: /usr/bin/c++ 
Build flags: 
Id flags:  

The output was:
0


Compilation of the CXX compiler identification source "CMakeCXXCompilerId.cpp" produced "a.out"

The CXX compiler identification is Clang, found in "/home/michicosun/Desktop/img2ascii/contrib/build/CMakeFiles/3.16.3/CompilerIdCXX/a.out"

Determining if the C compiler works passed with the following output:
Change Dir: /home/michicosun/Desktop/img2ascii/contrib/build/CMakeFiles/CMakeTmp

Run Build Command(s):/usr/bin/ninja cmTC_e0a1e && [1/2] Building C object CMakeFiles/cmTC_e0a1e.dir/testCCompiler.c.o
[2/2] Linking C executable cmTC_e0a1e



Detecting C compiler ABI info compiled with the following output:
Change Dir: /home/michicosun/Desktop/img2ascii/contrib/build/CMakeFiles/CMakeTmp

Run Build Command(s):/usr/bin/ninja cmTC_926da && [1/2] Building C object CMakeFiles/cmTC_926da.dir/CMakeCCompilerABI.c.o
Ubuntu clang version 13.0.1-++20220108083114+bfb1bd1b9906-1~exp1~20220108083151.49
Target: x86_64-pc-linux-gnu
Thread model: posix
InstalledDir: /usr/bin
Found candidate GCC installation: /usr/bin/../lib/gcc/x86_64-linux-gnu/10
Found candidate GCC installation: /usr/bin/../lib/gcc/x86_64-linux-gnu/11
Found candidate GCC installation: /usr/bin/../lib/gcc/x86_64-linux-gnu/9
Selected GCC installation: /usr/bin/../lib/gcc/x86_64-linux-gnu/11
Candidate multilib: .;@m64
Candidate multilib: 32;@m32
Candidate multilib: x32;@mx32
Selected multilib: .;@m64
 (in-process)
 "/usr/lib/llvm-13/bin/clang" -cc1 -triple x86_64-pc-linux-gnu -emit-obj -mrelax-all --mrelax-relocations -disable-free -disable-llvm-verifier -discard-value-names -main-file-name CMakeCCompilerABI.c -mrelocation-model static -mframe-pointer=all -fmath-errno -fno-rounding-math -mconstructor-aliases -munwind-tables -target-cpu x86-64 -tune-cpu generic -debugger-tuning=gdb -v -fcoverage-compilation-dir=/home/michicosun/Desktop/img2ascii/contrib/build/CMakeFiles/CMakeTmp -resource-dir /usr/lib/llvm-13/lib/clang/13.0.1 -internal-isystem /usr/lib/llvm-13/lib/clang/13.0.1/include -internal-isystem /usr/local/include -internal-isystem /usr/bin/../lib/gcc/x86_64-linux-gnu/11/../../../../x86_64-linux-gnu/include -internal-externc-isystem /usr/include/x86_64-linux-gnu -internal-externc-isystem /include -internal-externc-isystem /usr/include -fdebug-compilation-dir=/home/michicosun/Desktop/img2ascii/contrib/build/CMakeFiles/CMakeTmp -ferror-limit 19 -fgnuc-version=4.2.1 -faddrsig -D__GCC_HAVE_DWARF2_CFI_ASM=1 -o CMakeFiles/cmTC_926da.dir/CMakeCCompilerABI.c.o -x c /usr/share/cmake-3.16/Modules/CMakeCCompilerABI.c
clang -cc1 version 13.0.1 based upon LLVM 13.0.1 default target x86_64-pc-linux-gnu
ignoring nonexistent directory "/usr/bin/../lib/gcc/x86_64-linux-gnu/11/../../../../x86_64-linux-gnu/include"
ignoring nonexistent directory "/include"
#include "..." search starts here:
#include <...> search starts here:
 /usr/lib/llvm-13/lib/clang/13.0.1/include
 /usr/local/include
 /usr/include/x86_64-linux-gnu
 /usr/include
End of search list.
[2/2] Linking C executable cmTC_926da
Ubuntu clang version 13.0.1-++20220108083114+bfb1bd1b9906-1~exp1~20220108083151.49
Target: x86_64-pc-linux-gnu
Thread model: posix
InstalledDir: /usr/bin
Found candidate GCC installation: /usr/bin/../lib/gcc/x86_64-linux-gnu/10
Found candidate GCC installation: /usr/bin/../lib/gcc/x86_64-linux-gnu/11
Found candidate GCC installation: /usr/bin/../lib/gcc/x86_64-linux-gnu/9
Selected GCC installation: /usr/bin/../lib/gcc/x86_64-linux-gnu/11
Candidate multilib: .;@m64
Candidate multilib: 32;@m32
Candidate multilib: x32;@mx32
Selected multilib: .;@m64
 "/usr/bin/ld" -z relro --hash-style=gnu --build-id --eh-frame-hdr -m elf_x86_64 -dynamic-linker /lib64/ld-linux-x86-64.so.2 -o cmTC_926da /lib/x86_64-linux-gnu/crt1.o /lib/x86_64-linux-gnu/crti.o /usr/bin/../lib/gcc/x86_64-linux-gnu/11/crtbegin.o -L/usr/bin/../lib/gcc/x86_64-linux-gnu/11 -L/usr/bin/../lib/gcc/x86_64-linux-gnu/11/../../../../lib64 -L/lib/x86_64-linux-gnu -L/lib/../lib64 -L/usr/lib/x86_64-linux-gnu -L/usr/lib/../lib64 -L/usr/lib/llvm-13/bin/../lib -L/lib -L/usr/lib CMakeFiles/cmTC_926da.dir/CMakeCCompilerABI.c.o -lgcc --as-needed -lgcc_s --no-as-needed -lc -lgcc --as-needed -lgcc_s --no-as-needed /usr/bin/../lib/gcc/x86_64-linux-gnu/11/crtend.o /lib/x86_64-linux-gnu/crtn.o



Parsed C implicit include dir info from above output: rv=done
  found start of include info
  found start of implicit include info
    add: [/usr/lib/llvm-13/lib/clang/13.0.1/include]
    add: [/usr/local/include]
    add: [/usr/include/x86_64-linux-gnu]
    add: [/usr/include]
  end of search list found
  collapse include dir [/usr/lib/llvm-13/lib/clang/13.0.1/include] ==> [/usr/lib/llvm-13/lib/clang/13.0.1/include]
  collapse include dir [/usr/local/include] ==> [/usr/local/include]
  collapse include dir [/usr/include/x86_64-linux-gnu] ==> [/usr/include/x86_64-linux-gnu]
  collapse include dir [/usr/include] ==> [/usr/include]
  implicit include dirs: [/usr/lib/llvm-13/lib/clang/13.0.1/include;/usr/local/include;/usr/include/x86_64-linux-gnu;/usr/include]


Parsed C implicit link information from above output:
  link line regex: [^( *|.*[/\])(ld|CMAKE_LINK_STARTFILE-NOTFOUND|([^/\]+-)?ld|collect2)[^/\]*( |$)]
  ignore line: [Change Dir: /home/michicosun/Desktop/img2ascii/contrib/build/CMakeFiles/CMakeTmp]
  ignore line: []
  ignore line: [Run Build Command(s):/usr/bin/ninja cmTC_926da && [1/2] Building C object CMakeFiles/cmTC_926da.dir/CMakeCCompilerABI.c.o]
  ignore line: [Ubuntu clang version 13.0.1-++20220108083114+bfb1bd1b9906-1~exp1~20220108083151.49]
  ignore line: [Target: x86_64-pc-linux-gnu]
  ignore line: [Thread model: posix]
  ignore line: [InstalledDir: /usr/bin]
  ignore line: [Found candidate GCC installation: /usr/bin/../lib/gcc/x86_64-linux-gnu/10]
  ignore line: [Found candidate GCC installation: /usr/bin/../lib/gcc/x86_64-linux-gnu/11]
  ignore line: [Found candidate GCC installation: /usr/bin/../lib/gcc/x86_64-linux-gnu/9]
  ignore line: [Selected GCC installation: /usr/bin/../lib/gcc/x86_64-linux-gnu/11]
  ignore line: [Candidate multilib: .]
  ignore line: [@m64]
  ignore line: [Candidate multilib: 32]
  ignore line: [@m32]
  ignore line: [Candidate multilib: x32]
  ignore line: [@mx32]
  ignore line: [Selected multilib: .]
  ignore line: [@m64]
  ignore line: [ (in-process)]
  ignore line: [ "/usr/lib/llvm-13/bin/clang" -cc1 -triple x86_64-pc-linux-gnu -emit-obj -mrelax-all --mrelax-relocations -disable-free -disable-llvm-verifier -discard-value-names -main-file-name CMakeCCompilerABI.c -mrelocation-model static -mframe-pointer=all -fmath-errno -fno-rounding-math -mconstructor-aliases -munwind-tables -target-cpu x86-64 -tune-cpu generic -debugger-tuning=gdb -v -fcoverage-compilation-dir=/home/michicosun/Desktop/img2ascii/contrib/build/CMakeFiles/CMakeTmp -resource-dir /usr/lib/llvm-13/lib/clang/13.0.1 -internal-isystem /usr/lib/llvm-13/lib/clang/13.0.1/include -internal-isystem /usr/local/include -internal-isystem /usr/bin/../lib/gcc/x86_64-linux-gnu/11/../../../../x86_64-linux-gnu/include -internal-externc-isystem /usr/include/x86_64-linux-gnu -internal-externc-isystem /include -internal-externc-isystem /usr/include -fdebug-compilation-dir=/home/michicosun/Desktop/img2ascii/contrib/build/CMakeFiles/CMakeTmp -ferror-limit 19 -fgnuc-version=4.2.1 -faddrsig -D__GCC_HAVE_DWARF2_CFI_ASM=1 -o CMakeFiles/cmTC_926da.dir/CMakeCCompilerABI.c.o -x c /usr/share/cmake-3.16/Modules/CMakeCCompilerABI.c]
  ignore line: [clang -cc1 version 13.0.1 based upon LLVM 13.0.1 default target x86_64-pc-linux-gnu]
  ignore line: [ignoring nonexistent directory "/usr/bin/../lib/gcc/x86_64-linux-gnu/11/../../../../x86_64-linux-gnu/include"]
  ignore line: [ignoring nonexistent directory "/include"]
  ignore line: [#include "..." search starts here:]
  ignore line: [#include <...> search starts here:]
  ignore line: [ /usr/lib/llvm-13/lib/clang/13.0.1/include]
  ignore line: [ /usr/local/include]
  ignore line: [ /usr/include/x86_64-linux-gnu]
  ignore line: [ /usr/include]
  ignore line: [End of search list.]
  ignore line: [[2/2] Linking C executable cmTC_926da]
  ignore line: [Ubuntu clang version 13.0.1-++20220108083114+bfb1bd1b9906-1~exp1~20220108083151.49]
  ignore line: [Target: x86_64-pc-linux-gnu]
  ignore line: [Thread model: posix]
  ignore line: [InstalledDir: /usr/bin]
  ignore line: [Found candidate GCC installation: /usr/bin/../lib/gcc/x86_64-linux-gnu/10]
  ignore line: [Found candidate GCC installation: /usr/bin/../lib/gcc/x86_64-linux-gnu/11]
  ignore line: [Found candidate GCC installation: /usr/bin/../lib/gcc/x86_64-linux-gnu/9]
  ignore line: [Selected GCC installation: /usr/bin/../lib/gcc/x86_64-linux-gnu/11]
  ignore line: [Candidate multilib: .]
  ignore line: [@m64]
  ignore line: [Candidate multilib: 32]
  ignore line: [@m32]
  ignore line: [Candidate multilib: x32]
  ignore line: [@mx32]
  ignore line: [Selected multilib: .]
  ignore line: [@m64]
  link line: [ "/usr/bin/ld" -z relro --hash-style=gnu --build-id --eh-frame-hdr -m elf_x86_64 -dynamic-linker /lib64/ld-linux-x86-64.so.2 -o cmTC_926da /lib/x86_64-linux-gnu/crt1.o /lib/x86_64-linux-gnu/crti.o /usr/bin/../lib/gcc/x86_64-linux-gnu/11/crtbegin.o -L/usr/bin/../lib/gcc/x86_64-linux-gnu/11 -L/usr/bin/../lib/gcc/x86_64-linux-gnu/11/../../../../lib64 -L/lib/x86_64-linux-gnu -L/lib/../lib64 -L/usr/lib/x86_64-linux-gnu -L/usr/lib/../lib64 -L/usr/lib/llvm-13/bin/../lib -L/lib -L/usr/lib CMakeFiles/cmTC_926da.dir/CMakeCCompilerABI.c.o -lgcc --as-needed -lgcc_s --no-as-needed -lc -lgcc --as-needed -lgcc_s --no-as-needed /usr/bin/../lib/gcc/x86_64-linux-gnu/11/crtend.o /lib/x86_64-linux-gnu/crtn.o]
    arg [/usr/bin/ld] ==> ignore
    arg [-zrelro] ==> ignore
    arg [--hash-style=gnu] ==> ignore
    arg [--build-id] ==> ignore
    arg [--eh-frame-hdr] ==> ignore
    arg [-m] ==> ignore
    arg [elf_x86_64] ==> ignore
    arg [-dynamic-linker] ==> ignore
    arg [/lib64/ld-linux-x86-64.so.2] ==> ignore
    arg [-o] ==> ignore
    arg [cmTC_926da] ==> ignore
    arg [/lib/x86_64-linux-gnu/crt1.o] ==> ignore
    arg [/lib/x86_64-linux-gnu/crti.o] ==> ignore
    arg [/usr/bin/../lib/gcc/x86_64-linux-gnu/11/crtbegin.o] ==> ignore
    arg [-L/usr/bin/../lib/gcc/x86_64-linux-gnu/11] ==> dir [/usr/bin/../lib/gcc/x86_64-linux-gnu/11]
    arg [-L/usr/bin/../lib/gcc/x86_64-linux-gnu/11/../../../../lib64] ==> dir [/usr/bin/../lib/gcc/x86_64-linux-gnu/11/../../../../lib64]
    arg [-L/lib/x86_64-linux-gnu] ==> dir [/lib/x86_64-linux-gnu]
    arg [-L/lib/../lib64] ==> dir [/lib/../lib64]
    arg [-L/usr/lib/x86_64-linux-gnu] ==> dir [/usr/lib/x86_64-linux-gnu]
    arg [-L/usr/lib/../lib64] ==> dir [/usr/lib/../lib64]
    arg [-L/usr/lib/llvm-13/bin/../lib] ==> dir [/usr/lib/llvm-13/bin/../lib]
    arg [-L/lib] ==> dir [/lib]
    arg [-L/usr/lib] ==> dir [/usr/lib]
    arg [CMakeFiles/cmTC_926da.dir/CMakeCCompilerABI.c.o] ==> ignore
    arg [-lgcc] ==> lib [gcc]
    arg [--as-needed] ==> ignore
    arg [-lgcc_s] ==> lib [gcc_s]
    arg [--no-as-needed] ==> ignore
    arg [-lc] ==> lib [c]
    arg [-lgcc] ==> lib [gcc]
    arg [--as-needed] ==> ignore
    arg [-lgcc_s] ==> lib [gcc_s]
    arg [--no-as-needed] ==> ignore
    arg [/usr/bin/../lib/gcc/x86_64-linux-gnu/11/crtend.o] ==> ignore
    arg [/lib/x86_64-linux-gnu/crtn.o] ==> ignore
  collapse library dir [/usr/bin/../lib/gcc/x86_64-linux-gnu/11] ==> [/usr/lib/gcc/x86_64-linux-gnu/11]
  collapse library dir [/usr/bin/../lib/gcc/x86_64-linux-gnu/11/../../../../lib64] ==> [/usr/lib64]
  collapse library dir [/lib/x86_64-linux-gnu] ==> [/lib/x86_64-linux-gnu]
  collapse library dir [/lib/../lib64] ==> [/lib64]
  collapse library dir [/usr/lib/x86_64-linux-gnu] ==> [/usr/lib/x86_64-linux-gnu]
  collapse library dir [/usr/lib/../lib64] ==> [/usr/lib64]
  collapse library dir [/usr/lib/llvm-13/bin/../lib] ==> [/usr/lib/llvm-13/lib]
  collapse library dir [/lib] ==> [/lib]
  collapse library dir [/usr/lib] ==> [/usr/lib]
  implicit libs: [gcc;gcc_s;c;gcc;gcc_s]
  implicit dirs: [/usr/lib/gcc/x86_64-linux-gnu/11;/usr/lib64;/lib/x86_64-linux-gnu;/lib64;/usr/lib/x86_64-linux-gnu;/usr/lib/llvm-13/lib;/lib;/usr/lib]
  implicit fwks: []


Determining if the CXX compiler works passed with the following output:
Change Dir: /home/michicosun/Desktop/img2ascii/contrib/build/CMakeFiles/CMakeTmp

Run Build Command(s):/usr/bin/ninja cmTC_bc52c && [1/2] Building CXX object CMakeFiles/cmTC_bc52c.dir/testCXXCompiler.cxx.o
[2/2] Linking CXX executable cmTC_bc52c



Detecting CXX compiler ABI info compiled with the following output:
Change Dir: /home/michicosun/Desktop/img2ascii/contrib/build/CMakeFiles/CMakeTmp

Run Build Command(s):/usr/bin/ninja cmTC_dd627 && [1/2] Building CXX object CMakeFiles/cmTC_dd627.dir/CMakeCXXCompilerABI.cpp.o
Ubuntu clang version 13.0.1-++20220108083114+bfb1bd1b9906-1~exp1~20220108083151.49
Target: x86_64-pc-linux-gnu
Thread model: posix
InstalledDir: /usr/bin
Found candidate GCC installation: /usr/bin/../lib/gcc/x86_64-linux-gnu/10
Found candidate GCC installation: /usr/bin/../lib/gcc/x86_64-linux-gnu/11
Found candidate GCC installation: /usr/bin/../lib/gcc/x86_64-linux-gnu/9
Selected GCC installation: /usr/bin/../lib/gcc/x86_64-linux-gnu/11
Candidate multilib: .;@m64
Candidate multilib: 32;@m32
Candidate multilib: x32;@mx32
Selected multilib: .;@m64
 (in-process)
 "/usr/lib/llvm-13/bin/clang" -cc1 -triple x86_64-pc-linux-gnu -emit-obj -mrelax-all --mrelax-relocations -disable-free -disable-llvm-verifier -discard-value-names -main-file-name CMakeCXXCompilerABI.cpp -mrelocation-model static -mframe-pointer=all -fmath-errno -fno-rounding-math -mconstructor-aliases -munwind-tables -target-cpu x86-64 -tune-cpu generic -debugger-tuning=gdb -v -fcoverage-compilation-dir=/home/michicosun/Desktop/img2ascii/contrib/build/CMakeFiles/CMakeTmp -resource-dir /usr/lib/llvm-13/lib/clang/13.0.1 -internal-isystem /usr/bin/../lib/gcc/x86_64-linux-gnu/11/../../../../include/c++/11 -internal-isystem /usr/bin/../lib/gcc/x86_64-linux-gnu/11/../../../../include/x86_64-linux-gnu/c++/11 -internal-isystem /usr/bin/../lib/gcc/x86_64-linux-gnu/11/../../../../include/c++/11/backward -internal-isystem /usr/lib/llvm-13/lib/clang/13.0.1/include -internal-isystem /usr/local/include -internal-isystem /usr/bin/../lib/gcc/x86_64-linux-gnu/11/../../../../x86_64-linux-gnu/include -internal-externc-isystem /usr/include/x86_64-linux-gnu -internal-externc-isystem /include -internal-externc-isystem /usr/include -fdeprecated-macro -fdebug-compilation-dir=/home/michicosun/Desktop/img2ascii/contrib/build/CMakeFiles/CMakeTmp -ferror-limit 19 -fgnuc-version=4.2.1 -fcxx-exceptions -fexceptions -faddrsig -D__GCC_HAVE_DWARF2_CFI_ASM=1 -o CMakeFiles/cmTC_dd627.dir/CMakeCXXCompilerABI.cpp.o -x c++ /usr/share/cmake-3.16/Modules/CMakeCXXCompilerABI.cpp
clang -cc1 version 13.0.1 based upon LLVM 13.0.1 default target x86_64-pc-linux-gnu
ignoring nonexistent directory "/usr/bin/../lib/gcc/x86_64-linux-gnu/11/../../../../x86_64-linux-gnu/include"
ignoring nonexistent directory "/include"
#include "..." search starts here:
#include <...> search starts here:
 /usr/bin/../lib/gcc/x86_64-linux-gnu/11/../../../../include/c++/11
 /usr/bin/../lib/gcc/x86_64-linux-gnu/11/../../../../include/x86_64-linux-gnu/c++/11
 /usr/bin/../lib/gcc/x86_64-linux-gnu/11/../../../../include/c++/11/backward
 /usr/lib/llvm-13/lib/clang/13.0.1/include
 /usr/local/include
 /usr/include/x86_64-linux-gnu
 /usr/include
End of search list.
[2/2] Linking CXX executable cmTC_dd627
Ubuntu clang version 13.0.1-++20220108083114+bfb1bd1b9906-1~exp1~20220108083151.49
Target: x86_64-pc-linux-gnu
Thread model: posix
InstalledDir: /usr/bin
Found candidate GCC installation: /usr/bin/../lib/gcc/x86_64-linux-gnu/10
Found candidate GCC installation: /usr/bin/../lib/gcc/x86_64-linux-gnu/11
Found candidate GCC installation: /usr/bin/../lib/gcc/x86_64-linux-gnu/9
Selected GCC installation: /usr/bin/../lib/gcc/x86_64-linux-gnu/11
Candidate multilib: .;@m64
Candidate multilib: 32;@m32
Candidate multilib: x32;@mx32
Selected multilib: .;@m64
 "/usr/bin/ld" -z relro --hash-style=gnu --build-id --eh-frame-hdr -m elf_x86_64 -dynamic-linker /lib64/ld-linux-x86-64.so.2 -o cmTC_dd627 /lib/x86_64-linux-gnu/crt1.o /lib/x86_64-linux-gnu/crti.o /usr/bin/../lib/gcc/x86_64-linux-gnu/11/crtbegin.o -L/usr/bin/../lib/gcc/x86_64-linux-gnu/11 -L/usr/bin/../lib/gcc/x86_64-linux-gnu/11/../../../../lib64 -L/lib/x86_64-linux-gnu -L/lib/../lib64 -L/usr/lib/x86_64-linux-gnu -L/usr/lib/../lib64 -L/usr/lib/llvm-13/bin/../lib -L/lib -L/usr/lib CMakeFiles/cmTC_dd627.dir/CMakeCXXCompilerABI.cpp.o -lstdc++ -lm -lgcc_s -lgcc -lc -lgcc_s -lgcc /usr/bin/../lib/gcc/x86_64-linux-gnu/11/crtend.o /lib/x86_64-linux-gnu/crtn.o



Parsed CXX implicit include dir info from above output: rv=done
  found start of include info
  found start of implicit include info
    add: [/usr/bin/../lib/gcc/x86_64-linux-gnu/11/../../../../include/c++/11]
    add: [/usr/bin/../lib/gcc/x86_64-linux-gnu/11/../../../../include/x86_64-linux-gnu/c++/11]
    add: [/usr/bin/../lib/gcc/x86_64-linux-gnu/11/../../../../include/c++/11/backward]
    add: [/usr/lib/llvm-13/lib/clang/13.0.1/include]
    add: [/usr/local/include]
    add: [/usr/include/x86_64-linux-gnu]
    add: [/usr/include]
  end of search list found
  collapse include dir [/usr/bin/../lib/gcc/x86_64-linux-gnu/11/../../../../include/c++/11] ==> [/usr/include/c++/11]
  collapse include dir [/usr/bin/../lib/gcc/x86_64-linux-gnu/11/../../../../include/x86_64-linux-gnu/c++/11] ==> [/usr/include/x86_64-linux-gnu/c++/11]
  collapse include dir [/usr/bin/../lib/gcc/x86_64-linux-gnu/11/../../../../include/c++/11/backward] ==> [/usr/include/c++/11/backward]
  collapse include dir [/usr/lib/llvm-13/lib/clang/13.0.1/include] ==> [/usr/lib/llvm-13/lib/clang/13.0.1/include]
  collapse include dir [/usr/local/include] ==> [/usr/local/include]
  collapse include dir [/usr/include/x86_64-linux-gnu] ==> [/usr/include/x86_64-linux-gnu]
  collapse include dir [/usr/include] ==> [/usr/include]
  implicit include dirs: [/usr/include/c++/11;/usr/include/x86_64-linux-gnu/c++/11;/usr/include/c++/11/backward;/usr/lib/llvm-13/lib/clang/13.0.1/include;/usr/local/include;/usr/include/x86_64-linux-gnu;/usr/include]


Parsed CXX implicit link information from above output:
  link line regex: [^( *|.*[/\])(ld|CMAKE_LINK_STARTFILE-NOTFOUND|([^/\]+-)?ld|collect2)[^/\]*( |$)]
  ignore line: [Change Dir: /home/michicosun/Desktop/img2ascii/contrib/build/CMakeFiles/CMakeTmp]
  ignore line: []
  ignore line: [Run Build Command(s):/usr/bin/ninja cmTC_dd627 && [1/2] Building CXX object CMakeFiles/cmTC_dd627.dir/CMakeCXXCompilerABI.cpp.o]
  ignore line: [Ubuntu clang version 13.0.1-++20220108083114+bfb1bd1b9906-1~exp1~20220108083151.49]
  ignore line: [Target: x86_64-pc-linux-gnu]
  ignore line: [Thread model: posix]
  ignore line: [InstalledDir: /usr/bin]
  ignore line: [Found candidate GCC installation: /usr/bin/../lib/gcc/x86_64-linux-gnu/10]
  ignore line: [Found candidate GCC installation: /usr/bin/../lib/gcc/x86_64-linux-gnu/11]
  ignore line: [Found candidate GCC installation: /usr/bin/../lib/gcc/x86_64-linux-gnu/9]
  ignore line: [Selected GCC installation: /usr/bin/../lib/gcc/x86_64-linux-gnu/11]
  ignore line: [Candidate multilib: .]
  ignore line: [@m64]
  ignore line: [Candidate multilib: 32]
  ignore line: [@m32]
  ignore line: [Candidate multilib: x32]
  ignore line: [@mx32]
  ignore line: [Selected multilib: .]
  ignore line: [@m64]
  ignore line: [ (in-process)]
  ignore line: [ "/usr/lib/llvm-13/bin/clang" -cc1 -triple x86_64-pc-linux-gnu -emit-obj -mrelax-all --mrelax-relocations -disable-free -disable-llvm-verifier -discard-value-names -main-file-name CMakeCXXCompilerABI.cpp -mrelocation-model static -mframe-pointer=all -fmath-errno -fno-rounding-math -mconstructor-aliases -munwind-tables -target-cpu x86-64 -tune-cpu generic -debugger-tuning=gdb -v -fcoverage-compilation-dir=/home/michicosun/Desktop/img2ascii/contrib/build/CMakeFiles/CMakeTmp -resource-dir /usr/lib/llvm-13/lib/clang/13.0.1 -internal-isystem /usr/bin/../lib/gcc/x86_64-linux-gnu/11/../../../../include/c++/11 -internal-isystem /usr/bin/../lib/gcc/x86_64-linux-gnu/11/../../../../include/x86_64-linux-gnu/c++/11 -internal-isystem /usr/bin/../lib/gcc/x86_64-linux-gnu/11/../../../../include/c++/11/backward -internal-isystem /usr/lib/llvm-13/lib/clang/13.0.1/include -internal-isystem /usr/local/include -internal-isystem /usr/bin/../lib/gcc/x86_64-linux-gnu/11/../../../../x86_64-linux-gnu/include -internal-externc-isystem /usr/include/x86_64-linux-gnu -internal-externc-isystem /include -internal-externc-isystem /usr/include -fdeprecated-macro -fdebug-compilation-dir=/home/michicosun/Desktop/img2ascii/contrib/build/CMakeFiles/CMakeTmp -ferror-limit 19 -fgnuc-version=4.2.1 -fcxx-exceptions -fexceptions -faddrsig -D__GCC_HAVE_DWARF2_CFI_ASM=1 -o CMakeFiles/cmTC_dd627.dir/CMakeCXXCompilerABI.cpp.o -x c++ /usr/share/cmake-3.16/Modules/CMakeCXXCompilerABI.cpp]
  ignore line: [clang -cc1 version 13.0.1 based upon LLVM 13.0.1 default target x86_64-pc-linux-gnu]
  ignore line: [ignoring nonexistent directory "/usr/bin/../lib/gcc/x86_64-linux-gnu/11/../../../../x86_64-linux-gnu/include"]
  ignore line: [ignoring nonexistent directory "/include"]
  ignore line: [#include "..." search starts here:]
  ignore line: [#include <...> search starts here:]
  ignore line: [ /usr/bin/../lib/gcc/x86_64-linux-gnu/11/../../../../include/c++/11]
  ignore line: [ /usr/bin/../lib/gcc/x86_64-linux-gnu/11/../../../../include/x86_64-linux-gnu/c++/11]
  ignore line: [ /usr/bin/../lib/gcc/x86_64-linux-gnu/11/../../../../include/c++/11/backward]
  ignore line: [ /usr/lib/llvm-13/lib/clang/13.0.1/include]
  ignore line: [ /usr/local/include]
  ignore line: [ /usr/include/x86_64-linux-gnu]
  ignore line: [ /usr/include]
  ignore line: [End of search list.]
  ignore line: [[2/2] Linking CXX executable cmTC_dd627]
  ignore line: [Ubuntu clang version 13.0.1-++20220108083114+bfb1bd1b9906-1~exp1~20220108083151.49]
  ignore line: [Target: x86_64-pc-linux-gnu]
  ignore line: [Thread model: posix]
  ignore line: [InstalledDir: /usr/bin]
  ignore line: [Found candidate GCC installation: /usr/bin/../lib/gcc/x86_64-linux-gnu/10]
  ignore line: [Found candidate GCC installation: /usr/bin/../lib/gcc/x86_64-linux-gnu/11]
  ignore line: [Found candidate GCC installation: /usr/bin/../lib/gcc/x86_64-linux-gnu/9]
  ignore line: [Selected GCC installation: /usr/bin/../lib/gcc/x86_64-linux-gnu/11]
  ignore line: [Candidate multilib: .]
  ignore line: [@m64]
  ignore line: [Candidate multilib: 32]
  ignore line: [@m32]
  ignore line: [Candidate multilib: x32]
  ignore line: [@mx32]
  ignore line: [Selected multilib: .]
  ignore line: [@m64]
  link line: [ "/usr/bin/ld" -z relro --hash-style=gnu --build-id --eh-frame-hdr -m elf_x86_64 -dynamic-linker /lib64/ld-linux-x86-64.so.2 -o cmTC_dd627 /lib/x86_64-linux-gnu/crt1.o /lib/x86_64-linux-gnu/crti.o /usr/bin/../lib/gcc/x86_64-linux-gnu/11/crtbegin.o -L/usr/bin/../lib/gcc/x86_64-linux-gnu/11 -L/usr/bin/../lib/gcc/x86_64-linux-gnu/11/../../../../lib64 -L/lib/x86_64-linux-gnu -L/lib/../lib64 -L/usr/lib/x86_64-linux-gnu -L/usr/lib/../lib64 -L/usr/lib/llvm-13/bin/../lib -L/lib -L/usr/lib CMakeFiles/cmTC_dd627.dir/CMakeCXXCompilerABI.cpp.o -lstdc++ -lm -lgcc_s -lgcc -lc -lgcc_s -lgcc /usr/bin/../lib/gcc/x86_64-linux-gnu/11/crtend.o /lib/x86_64-linux-gnu/crtn.o]
    arg [/usr/bin/ld] ==> ignore
    arg [-zrelro] ==> ignore
    arg [--hash-style=gnu] ==> ignore
    arg [--build-id] ==> ignore
    arg [--eh-frame-hdr] ==> ignore
    arg [-m] ==> ignore
    arg [elf_x86_64] ==> ignore
    arg [-dynamic-linker] ==> ignore
    arg [/lib64/ld-linux-x86-64.so.2] ==> ignore
    arg [-o] ==> ignore
    arg [cmTC_dd627] ==> ignore
    arg [/lib/x86_64-linux-gnu/crt1.o] ==> ignore
    arg [/lib/x86_64-linux-gnu/crti.o] ==> ignore
    arg [/usr/bin/../lib/gcc/x86_64-linux-gnu/11/crtbegin.o] ==> ignore
    arg [-L/usr/bin/../lib/gcc/x86_64-linux-gnu/11] ==> dir [/usr/bin/../lib/gcc/x86_64-linux-gnu/11]
    arg [-L/usr/bin/../lib/gcc/x86_64-linux-gnu/11/../../../../lib64] ==> dir [/usr/bin/../lib/gcc/x86_64-linux-gnu/11/../../../../lib64]
    arg [-L/lib/x86_64-linux-gnu] ==> dir [/lib/x86_64-linux-gnu]
    arg [-L/lib/../lib64] ==> dir [/lib/../lib64]
    arg [-L/usr/lib/x86_64-linux-gnu] ==> dir [/usr/lib/x86_64-linux-gnu]
    arg [-L/usr/lib/../lib64] ==> dir [/usr/lib/../lib64]
    arg [-L/usr/lib/llvm-13/bin/../lib] ==> dir [/usr/lib/llvm-13/bin/../lib]
    arg [-L/lib] ==> dir [/lib]
    arg [-L/usr/lib] ==> dir [/usr/lib]
    arg [CMakeFiles/cmTC_dd627.dir/CMakeCXXCompilerABI.cpp.o] ==> ignore
    arg [-lstdc++] ==> lib [stdc++]
    arg [-lm] ==> lib [m]
    arg [-lgcc_s] ==> lib [gcc_s]
    arg [-lgcc] ==> lib [gcc]
    arg [-lc] ==> lib [c]
    arg [-lgcc_s] ==> lib [gcc_s]
    arg [-lgcc] ==> lib [gcc]
    arg [/usr/bin/../lib/gcc/x86_64-linux-gnu/11/crtend.o] ==> ignore
    arg [/lib/x86_64-linux-gnu/crtn.o] ==> ignore
  collapse library dir [/usr/bin/../lib/gcc/x86_64-linux-gnu/11] ==> [/usr/lib/gcc/x86_64-linux-gnu/11]
  collapse library dir [/usr/bin/../lib/gcc/x86_64-linux-gnu/11/../../../../lib64] ==> [/usr/lib64]
  collapse library dir [/lib/x86_64-linux-gnu] ==> [/lib/x86_64-linux-gnu]
  collapse library dir [/lib/../lib64] ==> [/lib64]
  collapse library dir [/usr/lib/x86_64-linux-gnu] ==> [/usr/lib/x86_64-linux-gnu]
  collapse library dir [/usr/lib/../lib64] ==> [/usr/lib64]
  collapse library dir [/usr/lib/llvm-13/bin/../lib] ==> [/usr/lib/llvm-13/lib]
  collapse library dir [/lib] ==> [/lib]
  collapse library dir [/usr/lib] ==> [/usr/lib]
  implicit libs: [stdc++;m;gcc_s;gcc;c;gcc_s;gcc]
  implicit dirs: [/usr/lib/gcc/x86_64-linux-gnu/11;/usr/lib64;/lib/x86_64-linux-gnu;/lib64;/usr/lib/x86_64-linux-gnu;/usr/lib/llvm-13/lib;/lib;/usr/lib]
  implicit fwks: []


Determining if the include file pthread.h exists passed with the following output:
Change Dir: /home/michicosun/Desktop/img2ascii/contrib/build/CMakeFiles/CMakeTmp

Run Build Command(s):/usr/bin/ninja cmTC_97fd0 && [1/2] Building C object CMakeFiles/cmTC_97fd0.dir/CheckIncludeFile.c.o
[2/2] Linking C executable cmTC_97fd0



Determining if the posix_memalign exist passed with the following output:
Change Dir: /home/michicosun/Desktop/img2ascii/contrib/build/CMakeFiles/CMakeTmp

Run Build Command(s):/usr/bin/ninja cmTC_b8475 && [1/2] Building C object CMakeFiles/cmTC_b8475.dir/CheckSymbolExists.c.o
[2/2] Linking C executable cmTC_b8475


File /home/michicosun/Desktop/img2ascii/contrib/build/CMakeFiles/CMakeTmp/CheckSymbolExists.c:
/* */
#include <stdlib.h>

int main(int argc, char** argv)
{
  (void)argv;
#ifndef posix_memalign
  return ((int*)(&posix_memalign))[argc];
#else
  (void)argc;
  return 0;
#endif
}
Determining if the include file malloc.h exists passed with the following output:
Change Dir: /home/michicosun/Desktop/img2ascii/contrib/build/CMakeFiles/CMakeTmp

Run Build Command(s):/usr/bin/ninja cmTC_827c3 && [1/2] Building C object CMakeFiles/cmTC_827c3.dir/CheckIncludeFile.c.o
[2/2] Linking C executable cmTC_827c3



Determining if the memalign exist passed with the following output:
Change Dir: /home/michicosun/Desktop/img2ascii/contrib/build/CMakeFiles/CMakeTmp

Run Build Command(s):/usr/bin/ninja cmTC_13661 && [1/2] Building C object CMakeFiles/cmTC_13661.dir/CheckSymbolExists.c.o
[2/2] Linking C executable cmTC_13661


File /home/michicosun/Desktop/img2ascii/contrib/build/CMakeFiles/CMakeTmp/CheckSymbolExists.c:
/* */
#include <malloc.h>

int main(int argc, char** argv)
{
  (void)argv;
#ifndef memalign
  return ((int*)(&memalign))[argc];
#else
  (void)argc;
  return 0;
#endif
}
Determining if the include file sys/types.h exists passed with the following output:
Change Dir: /home/michicosun/Desktop/img2ascii/contrib/build/CMakeFiles/CMakeTmp

Run Build Command(s):/usr/bin/ninja cmTC_8058c && [1/2] Building C object CMakeFiles/cmTC_8058c.dir/CheckIncludeFile.c.o
[2/2] Linking C executable cmTC_8058c



Determining if the include file stdint.h exists passed with the following output:
Change Dir: /home/michicosun/Desktop/img2ascii/contrib/build/CMakeFiles/CMakeTmp

Run Build Command(s):/usr/bin/ninja cmTC_02168 && [1/2] Building C object CMakeFiles/cmTC_02168.dir/CheckIncludeFile.c.o
[2/2] Linking C executable cmTC_02168



Determining if the include file stddef.h exists passed with the following output:
Change Dir: /home/michicosun/Desktop/img2ascii/contrib/build/CMakeFiles/CMakeTmp

Run Build Command(s):/usr/bin/ninja cmTC_aed60 && [1/2] Building C object CMakeFiles/cmTC_aed60.dir/CheckIncludeFile.c.o
[2/2] Linking C executable cmTC_aed60



Determining size of unsigned short passed with the following output:
Change Dir: /home/michicosun/Desktop/img2ascii/contrib/build/CMakeFiles/CMakeTmp

Run Build Command(s):/usr/bin/ninja cmTC_fc3b0 && [1/2] Building C object CMakeFiles/cmTC_fc3b0.dir/CMAKE_SIZEOF_UNSIGNED_SHORT.c.o
[2/2] Linking C executable cmTC_fc3b0



Determining if the system is big endian passed with the following output:
Change Dir: /home/michicosun/Desktop/img2ascii/contrib/build/CMakeFiles/CMakeTmp

Run Build Command(s):/usr/bin/ninja cmTC_bdf5e && [1/2] Building C object CMakeFiles/cmTC_bdf5e.dir/TestEndianess.c.o
[2/2] Linking C executable cmTC_bdf5e


TestEndianess.c:
/* A 16 bit integer is required. */
typedef unsigned short cmakeint16;

/* On a little endian machine, these 16bit ints will give "THIS IS LITTLE ENDIAN."
   On a big endian machine the characters will be exchanged pairwise. */
const cmakeint16 info_little[] =  {0x4854, 0x5349, 0x4920, 0x2053, 0x494c, 0x5454, 0x454c, 0x4520, 0x444e, 0x4149, 0x2e4e, 0x0000};

/* on a big endian machine, these 16bit ints will give "THIS IS BIG ENDIAN."
   On a little endian machine the characters will be exchanged pairwise. */
const cmakeint16 info_big[] =     {0x5448, 0x4953, 0x2049, 0x5320, 0x4249, 0x4720, 0x454e, 0x4449, 0x414e, 0x2e2e, 0x0000};

#ifdef __CLASSIC_C__
int main(argc, argv) int argc; char *argv[];
#else
int main(int argc, char *argv[])
#endif
{
  int require = 0;
  require += info_little[argc];
  require += info_big[argc];
  (void)argv;
  return require;
}


Determining if the include file assert.h exists passed with the following output:
Change Dir: /home/michicosun/Desktop/img2ascii/contrib/build/CMakeFiles/CMakeTmp

Run Build Command(s):/usr/bin/ninja cmTC_b3c8a && [1/2] Building C object CMakeFiles/cmTC_b3c8a.dir/CheckIncludeFile.c.o
[2/2] Linking C executable cmTC_b3c8a



Determining if the include file dlfcn.h exists passed with the following output:
Change Dir: /home/michicosun/Desktop/img2ascii/contrib/build/CMakeFiles/CMakeTmp

Run Build Command(s):/usr/bin/ninja cmTC_292ee && [1/2] Building C object CMakeFiles/cmTC_292ee.dir/CheckIncludeFile.c.o
[2/2] Linking C executable cmTC_292ee



Determining if the include file fcntl.h exists passed with the following output:
Change Dir: /home/michicosun/Desktop/img2ascii/contrib/build/CMakeFiles/CMakeTmp

Run Build Command(s):/usr/bin/ninja cmTC_fde27 && [1/2] Building C object CMakeFiles/cmTC_fde27.dir/CheckIncludeFile.c.o
[2/2] Linking C executable cmTC_fde27



Determining if the include file inttypes.h exists passed with the following output:
Change Dir: /home/michicosun/Desktop/img2ascii/contrib/build/CMakeFiles/CMakeTmp

Run Build Command(s):/usr/bin/ninja cmTC_89083 && [1/2] Building C object CMakeFiles/cmTC_89083.dir/CheckIncludeFile.c.o
[2/2] Linking C executable cmTC_89083



Determining if the include file limits.h exists passed with the following output:
Change Dir: /home/michicosun/Desktop/img2ascii/contrib/build/CMakeFiles/CMakeTmp

Run Build Command(s):/usr/bin/ninja cmTC_9dad2 && [1/2] Building C object CMakeFiles/cmTC_9dad2.dir/CheckIncludeFile.c.o
[2/2] Linking C executable cmTC_9dad2



Determining if the include file memory.h exists passed with the following output:
Change Dir: /home/michicosun/Desktop/img2ascii/contrib/build/CMakeFiles/CMakeTmp

Run Build Command(s):/usr/bin/ninja cmTC_5cad4 && [1/2] Building C object CMakeFiles/cmTC_5cad4.dir/CheckIncludeFile.c.o
[2/2] Linking C executable cmTC_5cad4



Determining if the include file search.h exists passed with the following output:
Change Dir: /home/michicosun/Desktop/img2ascii/contrib/build/CMakeFiles/CMakeTmp

Run Build Command(s):/usr/bin/ninja cmTC_48acc && [1/2] Building C object CMakeFiles/cmTC_48acc.dir/CheckIncludeFile.c.o
[2/2] Linking C executable cmTC_48acc



Determining if the include file string.h exists passed with the following output:
Change Dir: /home/michicosun/Desktop/img2ascii/contrib/build/CMakeFiles/CMakeTmp

Run Build Command(s):/usr/bin/ninja cmTC_649c6 && [1/2] Building C object CMakeFiles/cmTC_649c6.dir/CheckIncludeFile.c.o
[2/2] Linking C executable cmTC_649c6



Determining if the include file strings.h exists passed with the following output:
Change Dir: /home/michicosun/Desktop/img2ascii/contrib/build/CMakeFiles/CMakeTmp

Run Build Command(s):/usr/bin/ninja cmTC_e8fe1 && [1/2] Building C object CMakeFiles/cmTC_e8fe1.dir/CheckIncludeFile.c.o
[2/2] Linking C executable cmTC_e8fe1



Determining if the include file sys/time.h exists passed with the following output:
Change Dir: /home/michicosun/Desktop/img2ascii/contrib/build/CMakeFiles/CMakeTmp

Run Build Command(s):/usr/bin/ninja cmTC_86de1 && [1/2] Building C object CMakeFiles/cmTC_86de1.dir/CheckIncludeFile.c.o
[2/2] Linking C executable cmTC_86de1



Determining if the include file unistd.h exists passed with the following output:
Change Dir: /home/michicosun/Desktop/img2ascii/contrib/build/CMakeFiles/CMakeTmp

Run Build Command(s):/usr/bin/ninja cmTC_1b303 && [1/2] Building C object CMakeFiles/cmTC_1b303.dir/CheckIncludeFile.c.o
[2/2] Linking C executable cmTC_1b303



Performing C SOURCE FILE Test C_HAS_inline succeeded with the following output:
Change Dir: /home/michicosun/Desktop/img2ascii/contrib/build/CMakeFiles/CMakeTmp

Run Build Command(s):/usr/bin/ninja cmTC_06c28 && [1/2] Building C object CMakeFiles/cmTC_06c28.dir/src.c.o
src.c:4:15: warning: no previous prototype for function 'foo' [-Wmissing-prototypes]
        foo_t foo(){return 0;}
              ^
src.c:4:9: note: declare 'static' if the function is not intended to be used outside of this translation unit
        foo_t foo(){return 0;}
        ^
        static 
src.c:4:18: warning: this old-style function definition is not preceded by a prototype [-Wstrict-prototypes]
        foo_t foo(){return 0;}
                 ^
src.c:5:22: warning: unused parameter 'argc' [-Wunused-parameter]
        int main(int argc, char *argv[]) {return 0;}
                     ^
src.c:5:34: warning: unused parameter 'argv' [-Wunused-parameter]
        int main(int argc, char *argv[]) {return 0;}
                                 ^
src.c:3:29: warning: unused function 'static_foo' [-Wunused-function]
        static inline foo_t static_foo() {return 0;}
                            ^
5 warnings generated.
[2/2] Linking C executable cmTC_06c28


Source file was:

        typedef int foo_t;
        static inline foo_t static_foo() {return 0;}
        foo_t foo(){return 0;}
        int main(int argc, char *argv[]) {return 0;}
Determining size of signed short passed with the following output:
Change Dir: /home/michicosun/Desktop/img2ascii/contrib/build/CMakeFiles/CMakeTmp

Run Build Command(s):/usr/bin/ninja cmTC_f5d2d && [1/2] Building C object CMakeFiles/cmTC_f5d2d.dir/SIZEOF_SIGNED_SHORT.c.o
[2/2] Linking C executable cmTC_f5d2d



Determining size of unsigned short passed with the following output:
Change Dir: /home/michicosun/Desktop/img2ascii/contrib/build/CMakeFiles/CMakeTmp

Run Build Command(s):/usr/bin/ninja cmTC_f1e44 && [1/2] Building C object CMakeFiles/cmTC_f1e44.dir/SIZEOF_UNSIGNED_SHORT.c.o
[2/2] Linking C executable cmTC_f1e44



Determining size of signed int passed with the following output:
Change Dir: /home/michicosun/Desktop/img2ascii/contrib/build/CMakeFiles/CMakeTmp

Run Build Command(s):/usr/bin/ninja cmTC_161d3 && [1/2] Building C object CMakeFiles/cmTC_161d3.dir/SIZEOF_SIGNED_INT.c.o
[2/2] Linking C executable cmTC_161d3



Determining size of unsigned int passed with the following output:
Change Dir: /home/michicosun/Desktop/img2ascii/contrib/build/CMakeFiles/CMakeTmp

Run Build Command(s):/usr/bin/ninja cmTC_8a242 && [1/2] Building C object CMakeFiles/cmTC_8a242.dir/SIZEOF_UNSIGNED_INT.c.o
[2/2] Linking C executable cmTC_8a242



Determining size of signed long passed with the following output:
Change Dir: /home/michicosun/Desktop/img2ascii/contrib/build/CMakeFiles/CMakeTmp

Run Build Command(s):/usr/bin/ninja cmTC_33c27 && [1/2] Building C object CMakeFiles/cmTC_33c27.dir/SIZEOF_SIGNED_LONG.c.o
[2/2] Linking C executable cmTC_33c27



Determining size of unsigned long passed with the following output:
Change Dir: /home/michicosun/Desktop/img2ascii/contrib/build/CMakeFiles/CMakeTmp

Run Build Command(s):/usr/bin/ninja cmTC_e0665 && [1/2] Building C object CMakeFiles/cmTC_e0665.dir/SIZEOF_UNSIGNED_LONG.c.o
[2/2] Linking C executable cmTC_e0665



Determining size of signed long long passed with the following output:
Change Dir: /home/michicosun/Desktop/img2ascii/contrib/build/CMakeFiles/CMakeTmp

Run Build Command(s):/usr/bin/ninja cmTC_94428 && [1/2] Building C object CMakeFiles/cmTC_94428.dir/SIZEOF_SIGNED_LONG_LONG.c.o
[2/2] Linking C executable cmTC_94428



Determining size of unsigned long long passed with the following output:
Change Dir: /home/michicosun/Desktop/img2ascii/contrib/build/CMakeFiles/CMakeTmp

Run Build Command(s):/usr/bin/ninja cmTC_d4d37 && [1/2] Building C object CMakeFiles/cmTC_d4d37.dir/SIZEOF_UNSIGNED_LONG_LONG.c.o
[2/2] Linking C executable cmTC_d4d37



Determining size of unsigned char * passed with the following output:
Change Dir: /home/michicosun/Desktop/img2ascii/contrib/build/CMakeFiles/CMakeTmp

Run Build Command(s):/usr/bin/ninja cmTC_d38a6 && [1/2] Building C object CMakeFiles/cmTC_d38a6.dir/SIZEOF_UNSIGNED_CHAR_P.c.o
[2/2] Linking C executable cmTC_d38a6



Determining size of size_t passed with the following output:
Change Dir: /home/michicosun/Desktop/img2ascii/contrib/build/CMakeFiles/CMakeTmp

Run Build Command(s):/usr/bin/ninja cmTC_8dfbc && [1/2] Building C object CMakeFiles/cmTC_8dfbc.dir/SIZEOF_SIZE_T.c.o
[2/2] Linking C executable cmTC_8dfbc



Determining size of ptrdiff_t passed with the following output:
Change Dir: /home/michicosun/Desktop/img2ascii/contrib/build/CMakeFiles/CMakeTmp

Run Build Command(s):/usr/bin/ninja cmTC_f79db && [1/2] Building C object CMakeFiles/cmTC_f79db.dir/SIZEOF_PTRDIFF_T.c.o
[2/2] Linking C executable cmTC_f79db



Determining if the function floor exists passed with the following output:
Change Dir: /home/michicosun/Desktop/img2ascii/contrib/build/CMakeFiles/CMakeTmp

Run Build Command(s):/usr/bin/ninja cmTC_0a2e7 && [1/2] Building C object CMakeFiles/cmTC_0a2e7.dir/CheckFunctionExists.c.o
/usr/share/cmake-3.16/Modules/CheckFunctionExists.c:7:3: warning: incompatible redeclaration of library function 'floor' [-Wincompatible-library-redeclaration]
  CHECK_FUNCTION_EXISTS(void);
  ^
<command line>:1:31: note: expanded from here
#define CHECK_FUNCTION_EXISTS floor
                              ^
/usr/share/cmake-3.16/Modules/CheckFunctionExists.c:7:3: note: 'floor' is a builtin with type 'double (double)'
<command line>:1:31: note: expanded from here
#define CHECK_FUNCTION_EXISTS floor
                              ^
1 warning generated.
[2/2] Linking C executable cmTC_0a2e7



Determining if the function pow exists passed with the following output:
Change Dir: /home/michicosun/Desktop/img2ascii/contrib/build/CMakeFiles/CMakeTmp

Run Build Command(s):/usr/bin/ninja cmTC_52fd7 && [1/2] Building C object CMakeFiles/cmTC_52fd7.dir/CheckFunctionExists.c.o
/usr/share/cmake-3.16/Modules/CheckFunctionExists.c:7:3: warning: incompatible redeclaration of library function 'pow' [-Wincompatible-library-redeclaration]
  CHECK_FUNCTION_EXISTS(void);
  ^
<command line>:1:31: note: expanded from here
#define CHECK_FUNCTION_EXISTS pow
                              ^
/usr/share/cmake-3.16/Modules/CheckFunctionExists.c:7:3: note: 'pow' is a builtin with type 'double (double, double)'
<command line>:1:31: note: expanded from here
#define CHECK_FUNCTION_EXISTS pow
                              ^
1 warning generated.
[2/2] Linking C executable cmTC_52fd7



Determining if the function sqrt exists passed with the following output:
Change Dir: /home/michicosun/Desktop/img2ascii/contrib/build/CMakeFiles/CMakeTmp

Run Build Command(s):/usr/bin/ninja cmTC_dcc91 && [1/2] Building C object CMakeFiles/cmTC_dcc91.dir/CheckFunctionExists.c.o
/usr/share/cmake-3.16/Modules/CheckFunctionExists.c:7:3: warning: incompatible redeclaration of library function 'sqrt' [-Wincompatible-library-redeclaration]
  CHECK_FUNCTION_EXISTS(void);
  ^
<command line>:1:31: note: expanded from here
#define CHECK_FUNCTION_EXISTS sqrt
                              ^
/usr/share/cmake-3.16/Modules/CheckFunctionExists.c:7:3: note: 'sqrt' is a builtin with type 'double (double)'
<command line>:1:31: note: expanded from here
#define CHECK_FUNCTION_EXISTS sqrt
                              ^
1 warning generated.
[2/2] Linking C executable cmTC_dcc91



Determining if the function isascii exists passed with the following output:
Change Dir: /home/michicosun/Desktop/img2ascii/contrib/build/CMakeFiles/CMakeTmp

Run Build Command(s):/usr/bin/ninja cmTC_32543 && [1/2] Building C object CMakeFiles/cmTC_32543.dir/CheckFunctionExists.c.o
[2/2] Linking C executable cmTC_32543



Determining if the function memset exists passed with the following output:
Change Dir: /home/michicosun/Desktop/img2ascii/contrib/build/CMakeFiles/CMakeTmp

Run Build Command(s):/usr/bin/ninja cmTC_407cf && [1/2] Building C object CMakeFiles/cmTC_407cf.dir/CheckFunctionExists.c.o
/usr/share/cmake-3.16/Modules/CheckFunctionExists.c:7:3: warning: incompatible redeclaration of library function 'memset' [-Wincompatible-library-redeclaration]
  CHECK_FUNCTION_EXISTS(void);
  ^
<command line>:1:31: note: expanded from here
#define CHECK_FUNCTION_EXISTS memset
                              ^
/usr/share/cmake-3.16/Modules/CheckFunctionExists.c:7:3: note: 'memset' is a builtin with type 'void *(void *, int, unsigned long)'
<command line>:1:31: note: expanded from here
#define CHECK_FUNCTION_EXISTS memset
                              ^
1 warning generated.
[2/2] Linking C executable cmTC_407cf



Determining if the function mmap exists passed with the following output:
Change Dir: /home/michicosun/Desktop/img2ascii/contrib/build/CMakeFiles/CMakeTmp

Run Build Command(s):/usr/bin/ninja cmTC_2a11a && [1/2] Building C object CMakeFiles/cmTC_2a11a.dir/CheckFunctionExists.c.o
[2/2] Linking C executable cmTC_2a11a



Determining if the function getopt exists passed with the following output:
Change Dir: /home/michicosun/Desktop/img2ascii/contrib/build/CMakeFiles/CMakeTmp

Run Build Command(s):/usr/bin/ninja cmTC_ada44 && [1/2] Building C object CMakeFiles/cmTC_ada44.dir/CheckFunctionExists.c.o
[2/2] Linking C executable cmTC_ada44



Determining if the function memmove exists passed with the following output:
Change Dir: /home/michicosun/Desktop/img2ascii/contrib/build/CMakeFiles/CMakeTmp

Run Build Command(s):/usr/bin/ninja cmTC_36d18 && [1/2] Building C object CMakeFiles/cmTC_36d18.dir/CheckFunctionExists.c.o
/usr/share/cmake-3.16/Modules/CheckFunctionExists.c:7:3: warning: incompatible redeclaration of library function 'memmove' [-Wincompatible-library-redeclaration]
  CHECK_FUNCTION_EXISTS(void);
  ^
<command line>:1:31: note: expanded from here
#define CHECK_FUNCTION_EXISTS memmove
                              ^
/usr/share/cmake-3.16/Modules/CheckFunctionExists.c:7:3: note: 'memmove' is a builtin with type 'void *(void *, const void *, unsigned long)'
<command line>:1:31: note: expanded from here
#define CHECK_FUNCTION_EXISTS memmove
                              ^
1 warning generated.
[2/2] Linking C executable cmTC_36d18



Determining if the function strcasecmp exists passed with the following output:
Change Dir: /home/michicosun/Desktop/img2ascii/contrib/build/CMakeFiles/CMakeTmp

Run Build Command(s):/usr/bin/ninja cmTC_0af63 && [1/2] Building C object CMakeFiles/cmTC_0af63.dir/CheckFunctionExists.c.o
/usr/share/cmake-3.16/Modules/CheckFunctionExists.c:7:3: warning: incompatible redeclaration of library function 'strcasecmp' [-Wincompatible-library-redeclaration]
  CHECK_FUNCTION_EXISTS(void);
  ^
<command line>:1:31: note: expanded from here
#define CHECK_FUNCTION_EXISTS strcasecmp
                              ^
/usr/share/cmake-3.16/Modules/CheckFunctionExists.c:7:3: note: 'strcasecmp' is a builtin with type 'int (const char *, const char *)'
<command line>:1:31: note: expanded from here
#define CHECK_FUNCTION_EXISTS strcasecmp
                              ^
1 warning generated.
[2/2] Linking C executable cmTC_0af63



Determining if the function strchr exists passed with the following output:
Change Dir: /home/michicosun/Desktop/img2ascii/contrib/build/CMakeFiles/CMakeTmp

Run Build Command(s):/usr/bin/ninja cmTC_a3e39 && [1/2] Building C object CMakeFiles/cmTC_a3e39.dir/CheckFunctionExists.c.o
/usr/share/cmake-3.16/Modules/CheckFunctionExists.c:7:3: warning: incompatible redeclaration of library function 'strchr' [-Wincompatible-library-redeclaration]
  CHECK_FUNCTION_EXISTS(void);
  ^
<command line>:1:31: note: expanded from here
#define CHECK_FUNCTION_EXISTS strchr
                              ^
/usr/share/cmake-3.16/Modules/CheckFunctionExists.c:7:3: note: 'strchr' is a builtin with type 'char *(const char *, int)'
<command line>:1:31: note: expanded from here
#define CHECK_FUNCTION_EXISTS strchr
                              ^
1 warning generated.
[2/2] Linking C executable cmTC_a3e39



Determining if the function strrchr exists passed with the following output:
Change Dir: /home/michicosun/Desktop/img2ascii/contrib/build/CMakeFiles/CMakeTmp

Run Build Command(s):/usr/bin/ninja cmTC_90557 && [1/2] Building C object CMakeFiles/cmTC_90557.dir/CheckFunctionExists.c.o
/usr/share/cmake-3.16/Modules/CheckFunctionExists.c:7:3: warning: incompatible redeclaration of library function 'strrchr' [-Wincompatible-library-redeclaration]
  CHECK_FUNCTION_EXISTS(void);
  ^
<command line>:1:31: note: expanded from here
#define CHECK_FUNCTION_EXISTS strrchr
                              ^
/usr/share/cmake-3.16/Modules/CheckFunctionExists.c:7:3: note: 'strrchr' is a builtin with type 'char *(const char *, int)'
<command line>:1:31: note: expanded from here
#define CHECK_FUNCTION_EXISTS strrchr
                              ^
1 warning generated.
[2/2] Linking C executable cmTC_90557



Determining if the function strstr exists passed with the following output:
Change Dir: /home/michicosun/Desktop/img2ascii/contrib/build/CMakeFiles/CMakeTmp

Run Build Command(s):/usr/bin/ninja cmTC_02130 && [1/2] Building C object CMakeFiles/cmTC_02130.dir/CheckFunctionExists.c.o
/usr/share/cmake-3.16/Modules/CheckFunctionExists.c:7:3: warning: incompatible redeclaration of library function 'strstr' [-Wincompatible-library-redeclaration]
  CHECK_FUNCTION_EXISTS(void);
  ^
<command line>:1:31: note: expanded from here
#define CHECK_FUNCTION_EXISTS strstr
                              ^
/usr/share/cmake-3.16/Modules/CheckFunctionExists.c:7:3: note: 'strstr' is a builtin with type 'char *(const char *, const char *)'
<command line>:1:31: note: expanded from here
#define CHECK_FUNCTION_EXISTS strstr
                              ^
1 warning generated.
[2/2] Linking C executable cmTC_02130



Determining if the function strtol exists passed with the following output:
Change Dir: /home/michicosun/Desktop/img2ascii/contrib/build/CMakeFiles/CMakeTmp

Run Build Command(s):/usr/bin/ninja cmTC_36846 && [1/2] Building C object CMakeFiles/cmTC_36846.dir/CheckFunctionExists.c.o
/usr/share/cmake-3.16/Modules/CheckFunctionExists.c:7:3: warning: incompatible redeclaration of library function 'strtol' [-Wincompatible-library-redeclaration]
  CHECK_FUNCTION_EXISTS(void);
  ^
<command line>:1:31: note: expanded from here
#define CHECK_FUNCTION_EXISTS strtol
                              ^
/usr/share/cmake-3.16/Modules/CheckFunctionExists.c:7:3: note: 'strtol' is a builtin with type 'long (const char *, char **, int)'
<command line>:1:31: note: expanded from here
#define CHECK_FUNCTION_EXISTS strtol
                              ^
1 warning generated.
[2/2] Linking C executable cmTC_36846



Determining if the function strtol exists passed with the following output:
Change Dir: /home/michicosun/Desktop/img2ascii/contrib/build/CMakeFiles/CMakeTmp

Run Build Command(s):/usr/bin/ninja cmTC_1fe1f && [1/2] Building C object CMakeFiles/cmTC_1fe1f.dir/CheckFunctionExists.c.o
/usr/share/cmake-3.16/Modules/CheckFunctionExists.c:7:3: warning: incompatible redeclaration of library function 'strtol' [-Wincompatible-library-redeclaration]
  CHECK_FUNCTION_EXISTS(void);
  ^
<command line>:1:31: note: expanded from here
#define CHECK_FUNCTION_EXISTS strtol
                              ^
/usr/share/cmake-3.16/Modules/CheckFunctionExists.c:7:3: note: 'strtol' is a builtin with type 'long (const char *, char **, int)'
<command line>:1:31: note: expanded from here
#define CHECK_FUNCTION_EXISTS strtol
                              ^
1 warning generated.
[2/2] Linking C executable cmTC_1fe1f



Determining if the function strtoull exists passed with the following output:
Change Dir: /home/michicosun/Desktop/img2ascii/contrib/build/CMakeFiles/CMakeTmp

Run Build Command(s):/usr/bin/ninja cmTC_eb921 && [1/2] Building C object CMakeFiles/cmTC_eb921.dir/CheckFunctionExists.c.o
/usr/share/cmake-3.16/Modules/CheckFunctionExists.c:7:3: warning: incompatible redeclaration of library function 'strtoull' [-Wincompatible-library-redeclaration]
  CHECK_FUNCTION_EXISTS(void);
  ^
<command line>:1:31: note: expanded from here
#define CHECK_FUNCTION_EXISTS strtoull
                              ^
/usr/share/cmake-3.16/Modules/CheckFunctionExists.c:7:3: note: 'strtoull' is a builtin with type 'unsigned long long (const char *, char **, int)'
<command line>:1:31: note: expanded from here
#define CHECK_FUNCTION_EXISTS strtoull
                              ^
1 warning generated.
[2/2] Linking C executable cmTC_eb921



Determining if the function lfind exists passed with the following output:
Change Dir: /home/michicosun/Desktop/img2ascii/contrib/build/CMakeFiles/CMakeTmp

Run Build Command(s):/usr/bin/ninja cmTC_13136 && [1/2] Building C object CMakeFiles/cmTC_13136.dir/CheckFunctionExists.c.o
[2/2] Linking C executable cmTC_13136



Performing C SOURCE FILE Test HAVE_SNPRINTF succeeded with the following output:
Change Dir: /home/michicosun/Desktop/img2ascii/contrib/build/CMakeFiles/CMakeTmp

Run Build Command(s):/usr/bin/ninja cmTC_56d4f && [1/2] Building C object CMakeFiles/cmTC_56d4f.dir/src.c.o
[2/2] Linking C executable cmTC_56d4f


Source file was:

#include <stdio.h>
int main(void) {
  char buf[10];
  snprintf(buf, 10, "Test %d", 1);
  return 0;
}
Determining if the system is big endian passed with the following output:
Change Dir: /home/michicosun/Desktop/img2ascii/contrib/build/CMakeFiles/CMakeTmp

Run Build Command(s):/usr/bin/ninja cmTC_085ab && [1/2] Building C object CMakeFiles/cmTC_085ab.dir/TestEndianess.c.o
[2/2] Linking C executable cmTC_085ab


TestEndianess.c:
/* A 16 bit integer is required. */
typedef unsigned short cmakeint16;

/* On a little endian machine, these 16bit ints will give "THIS IS LITTLE ENDIAN."
   On a big endian machine the characters will be exchanged pairwise. */
const cmakeint16 info_little[] =  {0x4854, 0x5349, 0x4920, 0x2053, 0x494c, 0x5454, 0x454c, 0x4520, 0x444e, 0x4149, 0x2e4e, 0x0000};

/* on a big endian machine, these 16bit ints will give "THIS IS BIG ENDIAN."
   On a little endian machine the characters will be exchanged pairwise. */
const cmakeint16 info_big[] =     {0x5448, 0x4953, 0x2049, 0x5320, 0x4249, 0x4720, 0x454e, 0x4449, 0x414e, 0x2e2e, 0x0000};

#ifdef __CLASSIC_C__
int main(argc, argv) int argc; char *argv[];
#else
int main(int argc, char *argv[])
#endif
{
  int require = 0;
  require += info_little[argc];
  require += info_big[argc];
  (void)argv;
  return require;
}


Determining if the system is big endian passed with the following output:
Change Dir: /home/michicosun/Desktop/img2ascii/contrib/build/CMakeFiles/CMakeTmp

Run Build Command(s):/usr/bin/ninja cmTC_77f7c && [1/2] Building C object CMakeFiles/cmTC_77f7c.dir/TestEndianess.c.o
[2/2] Linking C executable cmTC_77f7c


TestEndianess.c:
/* A 16 bit integer is required. */
typedef unsigned short cmakeint16;

/* On a little endian machine, these 16bit ints will give "THIS IS LITTLE ENDIAN."
   On a big endian machine the characters will be exchanged pairwise. */
const cmakeint16 info_little[] =  {0x4854, 0x5349, 0x4920, 0x2053, 0x494c, 0x5454, 0x454c, 0x4520, 0x444e, 0x4149, 0x2e4e, 0x0000};

/* on a big endian machine, these 16bit ints will give "THIS IS BIG ENDIAN."
   On a little endian machine the characters will be exchanged pairwise. */
const cmakeint16 info_big[] =     {0x5448, 0x4953, 0x2049, 0x5320, 0x4249, 0x4720, 0x454e, 0x4449, 0x414e, 0x2e2e, 0x0000};

#ifdef __CLASSIC_C__
int main(argc, argv) int argc; char *argv[];
#else
int main(int argc, char *argv[])
#endif
{
  int require = 0;
  require += info_little[argc];
  require += info_big[argc];
  (void)argv;
  return require;
}


Determining if the include file stdlib.h exists passed with the following output:
Change Dir: /home/michicosun/Desktop/img2ascii/contrib/build/CMakeFiles/CMakeTmp

Run Build Command(s):/usr/bin/ninja cmTC_cdbbf && [1/2] Building C object CMakeFiles/cmTC_cdbbf.dir/CheckIncludeFile.c.o
[2/2] Linking C executable cmTC_cdbbf



Determining if the include file stdio.h exists passed with the following output:
Change Dir: /home/michicosun/Desktop/img2ascii/contrib/build/CMakeFiles/CMakeTmp

Run Build Command(s):/usr/bin/ninja cmTC_a3a1a && [1/2] Building C object CMakeFiles/cmTC_a3a1a.dir/CheckIncludeFile.c.o
[2/2] Linking C executable cmTC_a3a1a



Determining if the include file math.h exists passed with the following output:
Change Dir: /home/michicosun/Desktop/img2ascii/contrib/build/CMakeFiles/CMakeTmp

Run Build Command(s):/usr/bin/ninja cmTC_fb157 && [1/2] Building C object CMakeFiles/cmTC_fb157.dir/CheckIncludeFile.c.o
[2/2] Linking C executable cmTC_fb157



Determining if the include file float.h exists passed with the following output:
Change Dir: /home/michicosun/Desktop/img2ascii/contrib/build/CMakeFiles/CMakeTmp

Run Build Command(s):/usr/bin/ninja cmTC_abe0d && [1/2] Building C object CMakeFiles/cmTC_abe0d.dir/CheckIncludeFile.c.o
[2/2] Linking C executable cmTC_abe0d



Determining if the include file time.h exists passed with the following output:
Change Dir: /home/michicosun/Desktop/img2ascii/contrib/build/CMakeFiles/CMakeTmp

Run Build Command(s):/usr/bin/ninja cmTC_917a7 && [1/2] Building C object CMakeFiles/cmTC_917a7.dir/CheckIncludeFile.c.o
[2/2] Linking C executable cmTC_917a7



Determining if the include file stdarg.h exists passed with the following output:
Change Dir: /home/michicosun/Desktop/img2ascii/contrib/build/CMakeFiles/CMakeTmp

Run Build Command(s):/usr/bin/ninja cmTC_b9d85 && [1/2] Building C object CMakeFiles/cmTC_b9d85.dir/CheckIncludeFile.c.o
[2/2] Linking C executable cmTC_b9d85



Determining if the include file ctype.h exists passed with the following output:
Change Dir: /home/michicosun/Desktop/img2ascii/contrib/build/CMakeFiles/CMakeTmp

Run Build Command(s):/usr/bin/ninja cmTC_e179f && [1/2] Building C object CMakeFiles/cmTC_e179f.dir/CheckIncludeFile.c.o
[2/2] Linking C executable cmTC_e179f



Determining if the include file stdint.h exists passed with the following output:
Change Dir: /home/michicosun/Desktop/img2ascii/contrib/build/CMakeFiles/CMakeTmp

Run Build Command(s):/usr/bin/ninja cmTC_4258b && [1/2] Building C object CMakeFiles/cmTC_4258b.dir/CheckIncludeFile.c.o
[2/2] Linking C executable cmTC_4258b



Determining if the include file inttypes.h exists passed with the following output:
Change Dir: /home/michicosun/Desktop/img2ascii/contrib/build/CMakeFiles/CMakeTmp

Run Build Command(s):/usr/bin/ninja cmTC_afc52 && [1/2] Building C object CMakeFiles/cmTC_afc52.dir/CheckIncludeFile.c.o
[2/2] Linking C executable cmTC_afc52



Determining if the include file sys/stat.h exists passed with the following output:
Change Dir: /home/michicosun/Desktop/img2ascii/contrib/build/CMakeFiles/CMakeTmp

Run Build Command(s):/usr/bin/ninja cmTC_b39a2 && [1/2] Building C object CMakeFiles/cmTC_b39a2.dir/CheckIncludeFile.c.o
[2/2] Linking C executable cmTC_b39a2



Determining if files malloc.h exist passed with the following output:
Change Dir: /home/michicosun/Desktop/img2ascii/contrib/build/CMakeFiles/CMakeTmp

Run Build Command(s):/usr/bin/ninja cmTC_82e44 && [1/2] Building C object CMakeFiles/cmTC_82e44.dir/OPJ_HAVE_MALLOC_H.c.o
[2/2] Linking C executable cmTC_82e44



Determining if the posix_memalign exist passed with the following output:
Change Dir: /home/michicosun/Desktop/img2ascii/contrib/build/CMakeFiles/CMakeTmp

Run Build Command(s):/usr/bin/ninja cmTC_113b7 && [1/2] Building C object CMakeFiles/cmTC_113b7.dir/CheckSymbolExists.c.o
[2/2] Linking C executable cmTC_113b7


File /home/michicosun/Desktop/img2ascii/contrib/build/CMakeFiles/CMakeTmp/CheckSymbolExists.c:
/* */
#include <stdlib.h>

int main(int argc, char** argv)
{
  (void)argv;
#ifndef posix_memalign
  return ((int*)(&posix_memalign))[argc];
#else
  (void)argc;
  return 0;
#endif
}
Determining if the memalign exist passed with the following output:
Change Dir: /home/michicosun/Desktop/img2ascii/contrib/build/CMakeFiles/CMakeTmp

Run Build Command(s):/usr/bin/ninja cmTC_35150 && [1/2] Building C object CMakeFiles/cmTC_35150.dir/CheckSymbolExists.c.o
[2/2] Linking C executable cmTC_35150


File /home/michicosun/Desktop/img2ascii/contrib/build/CMakeFiles/CMakeTmp/CheckSymbolExists.c:
/* */
#include <malloc.h>

int main(int argc, char** argv)
{
  (void)argv;
#ifndef memalign
  return ((int*)(&memalign))[argc];
#else
  (void)argc;
  return 0;
#endif
}
Determining if the include file pthread.h exists passed with the following output:
Change Dir: /home/michicosun/Desktop/img2ascii/contrib/build/CMakeFiles/CMakeTmp

Run Build Command(s):/usr/bin/ninja cmTC_1bd58 && [1/2] Building C object CMakeFiles/cmTC_1bd58.dir/CheckIncludeFile.c.o
[2/2] Linking C executable cmTC_1bd58



Performing C SOURCE FILE Test CMAKE_HAVE_LIBC_PTHREAD succeeded with the following output:
Change Dir: /home/michicosun/Desktop/img2ascii/contrib/build/CMakeFiles/CMakeTmp

Run Build Command(s):/usr/bin/ninja cmTC_8418b && [1/2] Building C object CMakeFiles/cmTC_8418b.dir/src.c.o
src.c:3:7: warning: no previous prototype for function 'test_func' [-Wmissing-prototypes]
void* test_func(void* data)
      ^
src.c:3:1: note: declare 'static' if the function is not intended to be used outside of this translation unit
void* test_func(void* data)
^
static 
1 warning generated.
[2/2] Linking C executable cmTC_8418b


Source file was:
#include <pthread.h>

void* test_func(void* data)
{
  return data;
}

int main(void)
{
  pthread_t thread;
  pthread_create(&thread, NULL, test_func, NULL);
  pthread_detach(thread);
  pthread_join(thread, NULL);
  pthread_atfork(NULL, NULL, NULL);
  pthread_exit(NULL);

  return 0;
}

Determining if the include file /usr/include/libpng/png.h exists passed with the following output:
Change Dir: /home/michicosun/Desktop/img2ascii/contrib/build/CMakeFiles/CMakeTmp

Run Build Command(s):/usr/bin/ninja cmTC_67aa0 && [1/2] Building C object CMakeFiles/cmTC_67aa0.dir/CheckIncludeFile.c.o
[2/2] Linking C executable cmTC_67aa0



Determining if the include file semaphore.h exists passed with the following output:
Change Dir: /home/michicosun/Desktop/img2ascii/contrib/build/CMakeFiles/CMakeTmp

Run Build Command(s):/usr/bin/ninja cmTC_4ae8a && [1/2] Building C object CMakeFiles/cmTC_4ae8a.dir/CheckIncludeFile.c.o
[2/2] Linking C executable cmTC_4ae8a



Determining if the function dlerror exists in the dl passed with the following output:
Change Dir: /home/michicosun/Desktop/img2ascii/contrib/build/CMakeFiles/CMakeTmp

Run Build Command(s):/usr/bin/ninja cmTC_b41e2 && [1/2] Building C object CMakeFiles/cmTC_b41e2.dir/CheckFunctionExists.c.o
[2/2] Linking C executable cmTC_b41e2



Determining if the include file linux/videodev2.h exists passed with the following output:
Change Dir: /home/michicosun/Desktop/img2ascii/contrib/build/CMakeFiles/CMakeTmp

Run Build Command(s):/usr/bin/ninja cmTC_7bb26 && [1/2] Building C object CMakeFiles/cmTC_7bb26.dir/CheckIncludeFile.c.o
[2/2] Linking C executable cmTC_7bb26



